<?xml version="1.0" encoding="UTF-8"?>
<!-- Generated by org.testng.reporters.JUnitReportReporter -->
<testsuite skipped="0" hostname="LAPTOP-0HA3NO3K" name="testCases.TestAvactis1" tests="1" failures="0" timestamp="28 Apr 2017 14:30:02 GMT" time="0.913" errors="0">
  <testcase name="avactisTest1" time="0.913" classname="testCases.TestAvactis1"/>
</testsuite> <!-- testCases.TestAvactis1 -->
